#
# A fatal error has been detected by the Java Runtime Environment:
#
#  Internal Error (javaClasses.cpp:129), pid=3536, tid=4436
#  fatal error: Invalid layout of preloaded class
#
# JRE version: 7.0_21-b11
# Java VM: Java HotSpot(TM) 64-Bit Server VM (23.21-b01 mixed mode windows-amd64 compressed oops)
# Failed to write core dump. Minidumps are not enabled by default on client versions of Windows
#
# If you would like to submit a bug report, please visit:
#   http://bugreport.sun.com/bugreport/crash.jsp
#

---------------  T H R E A D  ---------------

Current thread (0x000000000230d800):  JavaThread "Unknown thread" [_thread_in_vm, id=4436, stack(0x0000000002190000,0x0000000002290000)]

Stack: [0x0000000002190000,0x0000000002290000]

---------------  P R O C E S S  ---------------

Java Threads: ( => current thread )

Other Threads:

=>0x000000000230d800 (exited) JavaThread "Unknown thread" [_thread_in_vm, id=4436, stack(0x0000000002190000,0x0000000002290000)]

VM state:not at safepoint (not fully initialized)

VM Mutex/Monitor currently owned by a thread: None

GC Heap History (0 events):
No events

Deoptimization events (0 events):
No events

Internal exceptions (0 events):
No events

Events (10 events):
Event: 0.009 loading class 0x0000000002359950 done
Event: 0.009 loading class 0x0000000002359920 done
Event: 0.009 loading class 0x0000000002359890
Event: 0.010 loading class 0x0000000002361670
Event: 0.010 loading class 0x0000000002361670 done
Event: 0.010 loading class 0x0000000002361730
Event: 0.010 loading class 0x0000000002361730 done
Event: 0.010 loading class 0x000000000b1cf300
Event: 0.010 loading class 0x000000000b1cf300 done
Event: 0.010 loading class 0x0000000002359890 done


Dynamic libraries:
0x000007f6a3e50000 - 0x000007f6a3e83000 	C:\Program Files\Java\jre7\bin\javaw.exe
0x000007f8497c0000 - 0x000007f84997e000 	C:\Windows\SYSTEM32\ntdll.dll
0x000007f848540000 - 0x000007f848676000 	C:\Windows\system32\KERNEL32.DLL
0x000007f847df0000 - 0x000007f847ee3000 	C:\Windows\system32\KERNELBASE.dll
0x000007f848680000 - 0x000007f84875e000 	C:\Windows\system32\ADVAPI32.dll
0x000007f8491b0000 - 0x000007f8492fc000 	C:\Windows\system32\USER32.dll
0x000007f844210000 - 0x000007f844479000 	C:\Windows\WinSxS\amd64_microsoft.windows.common-controls_6595b64144ccf1df_6.0.9200.16384_none_418c2a697189c07f\COMCTL32.dll
0x000007f848ee0000 - 0x000007f848f85000 	C:\Windows\system32\msvcrt.dll
0x000007f847f30000 - 0x000007f847f78000 	C:\Windows\SYSTEM32\sechost.dll
0x000007f849300000 - 0x000007f849440000 	C:\Windows\system32\RPCRT4.dll
0x000007f8481d0000 - 0x000007f848310000 	C:\Windows\system32\GDI32.dll
0x000007f848d70000 - 0x000007f848da9000 	C:\Windows\system32\IMM32.DLL
0x000007f848db0000 - 0x000007f848ec4000 	C:\Windows\system32\MSCTF.dll
0x000000006a6e0000 - 0x000000006a7b1000 	C:\Program Files\Java\jre7\bin\msvcr100.dll
0x0000000069fb0000 - 0x000000006a6d1000 	C:\Program Files\Java\jre7\bin\server\jvm.dll
0x000007f846340000 - 0x000007f846349000 	C:\Windows\SYSTEM32\WSOCK32.dll
0x000007f83acb0000 - 0x000007f83acd0000 	C:\Windows\SYSTEM32\WINMM.dll
0x000007f848d60000 - 0x000007f848d67000 	C:\Windows\system32\PSAPI.DLL
0x000007f849760000 - 0x000007f8497b8000 	C:\Windows\system32\WS2_32.dll
0x000007f83ac70000 - 0x000007f83aca2000 	C:\Windows\SYSTEM32\WINMMBASE.dll
0x000007f848920000 - 0x000007f848929000 	C:\Windows\system32\NSI.dll
0x000000006b610000 - 0x000000006b61f000 	C:\Program Files\Java\jre7\bin\verify.dll
0x0000000069f80000 - 0x0000000069fa8000 	C:\Program Files\Java\jre7\bin\java.dll
0x0000000069f60000 - 0x0000000069f75000 	C:\Program Files\Java\jre7\bin\zip.dll

VM Arguments:
jvm_args: -Dfile.encoding=Cp1252 -Xbootclasspath:E:\Software\Download For Ubuntu Software\New folder\adt-bundle-windows-x86_64-20131030\sdk\platforms\android-19\android.jar 
java_command: Metrix
Launcher Type: SUN_STANDARD

Environment Variables:
PATH=C:/Program Files/Java/jdk1.7.0_21/bin/../jre/bin/server;C:/Program Files/Java/jdk1.7.0_21/bin/../jre/bin;C:/Program Files/Java/jdk1.7.0_21/bin/../jre/lib/amd64;C:\Program Files\Java\jdk1.7.0_21\bin;E:\Software\Download For Ubuntu Software\New folder\adt-bundle-windows-x86_64-20131030\eclipse;
USERNAME=Kasun Lakmal
OS=Windows_NT
PROCESSOR_IDENTIFIER=Intel64 Family 6 Model 58 Stepping 9, GenuineIntel



---------------  S Y S T E M  ---------------

OS: Windows 8 , 64 bit Build 9200 

CPU:total 4 (2 cores per cpu, 2 threads per core) family 6 model 58 stepping 9, cmov, cx8, fxsr, mmx, sse, sse2, sse3, ssse3, sse4.1, sse4.2, popcnt, avx, ht, tsc, tscinvbit, tscinv

Memory: 4k page, physical 8266292k(5426960k free), swap 9511476k(5462684k free)

vm_info: Java HotSpot(TM) 64-Bit Server VM (23.21-b01) for windows-amd64 JRE (1.7.0_21-b11), built on Apr  4 2013 08:11:28 by "java_re" with unknown MS VC++:1600

time: Sat May 17 10:52:09 2014
elapsed time: 0 seconds

